<?xml version="1.0" encoding="UTF-8"?>
<!-- Generated by org.testng.reporters.JUnitXMLReporter -->
<testsuite hostname="LAPTOP-43NVEE8P" name="Default test" tests="3" failures="0" timestamp="6 Aug 2019 21:22:22 GMT" time="76.289" errors="0">
  <testcase name="gmailSendAndReceiveEmailTest" time="36.274" classname="com.gmailproject.testcases.SignInTest"/>
  <testcase name="verifyGmailLoginPageTest" time="0.056" classname="com.gmailproject.testcases.SignInTest"/>
  <testcase name="gmailSignInTest" time="18.481" classname="com.gmailproject.testcases.SignInTest"/>
</testsuite> <!-- Default test -->
