<?xml version="1.0" encoding="UTF-8"?>
<testng-results skipped="0" failed="0" total="3" passed="3">
  <reporter-output>
  </reporter-output>
  <suite name="Default suite" duration-ms="76289" started-at="2019-08-06T21:21:05Z" finished-at="2019-08-06T21:22:22Z">
    <groups>
    </groups>
    <test name="Default test" duration-ms="76289" started-at="2019-08-06T21:21:05Z" finished-at="2019-08-06T21:22:22Z">
      <class name="com.gmailproject.testcases.SignInTest">
        <test-method status="PASS" signature="setup()[pri:0, instance:com.gmailproject.testcases.SignInTest@19bb089b]" name="setup" is-config="true" duration-ms="7703" started-at="2019-08-06T16:21:05Z" finished-at="2019-08-06T16:21:13Z">
          <reporter-output>
          </reporter-output>
        </test-method> <!-- setup -->
        <test-method status="PASS" signature="gmailSendAndReceiveEmailTest()[pri:0, instance:com.gmailproject.testcases.SignInTest@19bb089b]" name="gmailSendAndReceiveEmailTest" duration-ms="36274" started-at="2019-08-06T16:21:13Z" finished-at="2019-08-06T16:21:49Z">
          <reporter-output>
          </reporter-output>
        </test-method> <!-- gmailSendAndReceiveEmailTest -->
        <test-method status="PASS" signature="teardown()[pri:0, instance:com.gmailproject.testcases.SignInTest@19bb089b]" name="teardown" is-config="true" duration-ms="883" started-at="2019-08-06T16:21:49Z" finished-at="2019-08-06T16:21:50Z">
          <reporter-output>
          </reporter-output>
        </test-method> <!-- teardown -->
        <test-method status="PASS" signature="setup()[pri:0, instance:com.gmailproject.testcases.SignInTest@19bb089b]" name="setup" is-config="true" duration-ms="5563" started-at="2019-08-06T16:21:50Z" finished-at="2019-08-06T16:21:56Z">
          <reporter-output>
          </reporter-output>
        </test-method> <!-- setup -->
        <test-method status="PASS" signature="verifyGmailLoginPageTest()[pri:1, instance:com.gmailproject.testcases.SignInTest@19bb089b]" name="verifyGmailLoginPageTest" duration-ms="56" started-at="2019-08-06T16:21:56Z" finished-at="2019-08-06T16:21:56Z">
          <reporter-output>
          </reporter-output>
        </test-method> <!-- verifyGmailLoginPageTest -->
        <test-method status="PASS" signature="teardown()[pri:0, instance:com.gmailproject.testcases.SignInTest@19bb089b]" name="teardown" is-config="true" duration-ms="686" started-at="2019-08-06T16:21:56Z" finished-at="2019-08-06T16:21:56Z">
          <reporter-output>
          </reporter-output>
        </test-method> <!-- teardown -->
        <test-method status="PASS" signature="setup()[pri:0, instance:com.gmailproject.testcases.SignInTest@19bb089b]" name="setup" is-config="true" duration-ms="5874" started-at="2019-08-06T16:21:56Z" finished-at="2019-08-06T16:22:02Z">
          <reporter-output>
          </reporter-output>
        </test-method> <!-- setup -->
        <test-method status="PASS" signature="gmailSignInTest()[pri:2, instance:com.gmailproject.testcases.SignInTest@19bb089b]" name="gmailSignInTest" duration-ms="18481" started-at="2019-08-06T16:22:02Z" finished-at="2019-08-06T16:22:21Z">
          <reporter-output>
          </reporter-output>
        </test-method> <!-- gmailSignInTest -->
        <test-method status="PASS" signature="teardown()[pri:0, instance:com.gmailproject.testcases.SignInTest@19bb089b]" name="teardown" is-config="true" duration-ms="743" started-at="2019-08-06T16:22:21Z" finished-at="2019-08-06T16:22:22Z">
          <reporter-output>
          </reporter-output>
        </test-method> <!-- teardown -->
      </class> <!-- com.gmailproject.testcases.SignInTest -->
    </test> <!-- Default test -->
  </suite> <!-- Default suite -->
</testng-results>
