<?xml version="1.0" encoding="UTF-8"?>
<testng-results skipped="0" failed="0" total="1" passed="1">
  <reporter-output>
  </reporter-output>
  <suite name="Default suite" duration-ms="39809" started-at="2019-08-06T20:28:38Z" finished-at="2019-08-06T20:29:18Z">
    <groups>
    </groups>
    <test name="Default test" duration-ms="39809" started-at="2019-08-06T20:28:38Z" finished-at="2019-08-06T20:29:18Z">
      <class name="com.gmailproject.testcases.SignInTest">
        <test-method status="PASS" signature="setup()[pri:0, instance:com.gmailproject.testcases.SignInTest@71c7db30]" name="setup" is-config="true" duration-ms="7326" started-at="2019-08-06T15:28:38Z" finished-at="2019-08-06T15:28:45Z">
          <reporter-output>
          </reporter-output>
        </test-method> <!-- setup -->
        <test-method status="PASS" signature="gmailSendAndReceiveEmailTest()[pri:0, instance:com.gmailproject.testcases.SignInTest@71c7db30]" name="gmailSendAndReceiveEmailTest" duration-ms="32463" started-at="2019-08-06T15:28:45Z" finished-at="2019-08-06T15:29:18Z">
          <reporter-output>
          </reporter-output>
        </test-method> <!-- gmailSendAndReceiveEmailTest -->
      </class> <!-- com.gmailproject.testcases.SignInTest -->
    </test> <!-- Default test -->
  </suite> <!-- Default suite -->
</testng-results>
